2026-04-25 00:22:59,846 INFO main_desktop: === WootFlow startup ===
2026-04-25 00:22:59,846 INFO main_desktop: BASE=C:\Users\bl4z3\Documents\GitHub\WootFlow\dist
2026-04-25 00:22:59,846 INFO main_desktop: sys.frozen=True
2026-04-25 00:23:00,069 INFO wooting: Settings loaded: effect=screen_ambience brightness=100%
2026-04-25 00:23:00,069 INFO main_desktop: server imported OK
2026-04-25 00:23:00,122 INFO main_desktop: uvicorn imported OK, starting on :9120
2026-04-25 00:23:00,123 DEBUG asyncio: Using proactor: IocpProactor
2026-04-25 00:23:00,206 INFO wooting: Keyboard connected!
2026-04-25 00:23:00,217 INFO wooting: CapsLock state: OFF
2026-04-25 00:26:20,533 INFO wooting: CapsLock state: ON
2026-04-25 00:28:14,062 INFO main_desktop: === WootFlow startup ===
2026-04-25 00:28:14,062 INFO main_desktop: BASE=C:\Users\bl4z3\Documents\GitHub\WootFlow\dist
2026-04-25 00:28:14,062 INFO main_desktop: sys.frozen=True
2026-04-25 00:28:14,281 INFO wooting: Settings loaded: effect=screen_ambience brightness=100%
2026-04-25 00:28:14,282 INFO main_desktop: server imported OK
2026-04-25 00:28:14,333 INFO main_desktop: uvicorn imported OK, starting on :9120
2026-04-25 00:28:14,334 DEBUG asyncio: Using proactor: IocpProactor
2026-04-25 00:28:14,411 INFO wooting: Keyboard connected!
2026-04-25 00:28:14,421 INFO wooting: CapsLock state: OFF
2026-04-25 00:28:21,911 INFO wooting: WS message received: {"action": "set_effect", "name": "ocean"}
2026-04-25 00:28:22,750 INFO wooting: WS message received: {"action": "set_effect", "name": "heartbeat"}
2026-04-25 00:28:23,783 INFO wooting: WS message received: {"action": "set_effect", "name": "spectrum_cycle"}
2026-04-25 00:28:25,688 INFO wooting: WS message received: {"action": "set_effect", "name": "breathing"}
2026-04-25 00:28:27,032 INFO wooting: WS message received: {"action": "set_effect", "name": "ripple"}
2026-04-25 00:28:31,126 INFO wooting: WS message received: {"action": "set_effect", "name": "reactive_typing"}
2026-04-25 00:28:33,772 INFO wooting: WS message received: {"action": "set_effect", "name": "raindrop"}
2026-04-25 00:28:35,419 INFO wooting: WS message received: {"action": "set_effect", "name": "fire"}
2026-04-25 00:28:35,926 INFO wooting: WS message received: {"action": "set_effect", "name": "lava"}
2026-04-25 00:28:55,172 DEBUG PIL.Image: Importing AvifImagePlugin
2026-04-25 00:28:55,174 DEBUG PIL.Image: Importing BlpImagePlugin
2026-04-25 00:28:55,175 DEBUG PIL.Image: Importing BmpImagePlugin
2026-04-25 00:28:55,175 DEBUG PIL.Image: Importing BufrStubImagePlugin
2026-04-25 00:28:55,175 DEBUG PIL.Image: Importing CurImagePlugin
2026-04-25 00:28:55,175 DEBUG PIL.Image: Importing DcxImagePlugin
2026-04-25 00:28:55,176 DEBUG PIL.Image: Importing DdsImagePlugin
2026-04-25 00:28:55,177 DEBUG PIL.Image: Importing EpsImagePlugin
2026-04-25 00:28:55,178 DEBUG PIL.Image: Importing FitsImagePlugin
2026-04-25 00:28:55,178 DEBUG PIL.Image: Importing FliImagePlugin
2026-04-25 00:28:55,179 DEBUG PIL.Image: Importing FpxImagePlugin
2026-04-25 00:28:55,179 DEBUG PIL.Image: Image: failed to import FpxImagePlugin: No module named 'olefile'
2026-04-25 00:28:55,179 DEBUG PIL.Image: Importing FtexImagePlugin
2026-04-25 00:28:55,179 DEBUG PIL.Image: Importing GbrImagePlugin
2026-04-25 00:28:55,180 DEBUG PIL.Image: Importing GifImagePlugin
2026-04-25 00:28:55,180 DEBUG PIL.Image: Importing GribStubImagePlugin
2026-04-25 00:28:55,180 DEBUG PIL.Image: Importing Hdf5StubImagePlugin
2026-04-25 00:28:55,180 DEBUG PIL.Image: Importing IcnsImagePlugin
2026-04-25 00:28:55,181 DEBUG PIL.Image: Importing IcoImagePlugin
2026-04-25 00:28:55,181 DEBUG PIL.Image: Importing ImImagePlugin
2026-04-25 00:28:55,182 DEBUG PIL.Image: Importing ImtImagePlugin
2026-04-25 00:28:55,182 DEBUG PIL.Image: Importing IptcImagePlugin
2026-04-25 00:28:55,182 DEBUG PIL.Image: Importing JpegImagePlugin
2026-04-25 00:28:55,182 DEBUG PIL.Image: Importing Jpeg2KImagePlugin
2026-04-25 00:28:55,182 DEBUG PIL.Image: Importing McIdasImagePlugin
2026-04-25 00:28:55,182 DEBUG PIL.Image: Importing MicImagePlugin
2026-04-25 00:28:55,183 DEBUG PIL.Image: Image: failed to import MicImagePlugin: No module named 'olefile'
2026-04-25 00:28:55,183 DEBUG PIL.Image: Importing MpegImagePlugin
2026-04-25 00:28:55,183 DEBUG PIL.Image: Importing MpoImagePlugin
2026-04-25 00:28:55,184 DEBUG PIL.Image: Importing MspImagePlugin
2026-04-25 00:28:55,184 DEBUG PIL.Image: Importing PalmImagePlugin
2026-04-25 00:28:55,185 DEBUG PIL.Image: Importing PcdImagePlugin
2026-04-25 00:28:55,185 DEBUG PIL.Image: Importing PcxImagePlugin
2026-04-25 00:28:55,185 DEBUG PIL.Image: Importing PdfImagePlugin
2026-04-25 00:28:55,188 DEBUG PIL.Image: Importing PixarImagePlugin
2026-04-25 00:28:55,188 DEBUG PIL.Image: Importing PngImagePlugin
2026-04-25 00:28:55,188 DEBUG PIL.Image: Importing PpmImagePlugin
2026-04-25 00:28:55,188 DEBUG PIL.Image: Importing PsdImagePlugin
2026-04-25 00:28:55,188 DEBUG PIL.Image: Importing QoiImagePlugin
2026-04-25 00:28:55,189 DEBUG PIL.Image: Importing SgiImagePlugin
2026-04-25 00:28:55,189 DEBUG PIL.Image: Importing SpiderImagePlugin
2026-04-25 00:28:55,189 DEBUG PIL.Image: Importing SunImagePlugin
2026-04-25 00:28:55,189 DEBUG PIL.Image: Importing TgaImagePlugin
2026-04-25 00:28:55,189 DEBUG PIL.Image: Importing TiffImagePlugin
2026-04-25 00:28:55,189 DEBUG PIL.Image: Importing WebPImagePlugin
2026-04-25 00:28:55,190 DEBUG PIL.Image: Importing WmfImagePlugin
2026-04-25 00:28:55,191 DEBUG PIL.Image: Importing XbmImagePlugin
2026-04-25 00:28:55,191 DEBUG PIL.Image: Importing XpmImagePlugin
2026-04-25 00:28:55,191 DEBUG PIL.Image: Importing XVThumbImagePlugin
2026-04-25 00:28:58,544 INFO main_desktop: === WootFlow startup ===
2026-04-25 00:28:58,544 INFO main_desktop: BASE=C:\Users\bl4z3\Documents\GitHub\WootFlow\dist
2026-04-25 00:28:58,544 INFO main_desktop: sys.frozen=True
2026-04-25 00:28:58,768 INFO wooting: Settings loaded: effect=lava brightness=100%
2026-04-25 00:28:58,768 INFO main_desktop: server imported OK
2026-04-25 00:28:58,820 INFO main_desktop: uvicorn imported OK, starting on :9120
2026-04-25 00:28:58,821 DEBUG asyncio: Using proactor: IocpProactor
2026-04-25 00:28:58,902 INFO wooting: Keyboard connected!
2026-04-25 00:28:58,909 INFO wooting: Cleaning up keyboard SDK...
2026-04-25 00:28:58,967 INFO wooting: CapsLock state: OFF
2026-04-25 00:28:59,043 INFO wooting: Keyboard SDK released.
2026-04-25 00:30:22,076 INFO main_desktop: === WootFlow startup ===
2026-04-25 00:30:22,076 INFO main_desktop: BASE=C:\Users\bl4z3\Documents\GitHub\WootFlow\dist
2026-04-25 00:30:22,076 INFO main_desktop: sys.frozen=True
2026-04-25 00:30:22,293 INFO wooting: Settings loaded: effect=lava brightness=100%
2026-04-25 00:30:22,294 INFO main_desktop: server imported OK
2026-04-25 00:30:22,344 INFO main_desktop: uvicorn imported OK, starting on :9120
2026-04-25 00:30:22,345 DEBUG asyncio: Using proactor: IocpProactor
2026-04-25 00:30:22,417 INFO wooting: Keyboard connected!
2026-04-25 00:30:22,439 INFO wooting: CapsLock state: OFF
2026-04-25 00:30:25,635 INFO wooting: WS message received: {"action": "start_audio"}
2026-04-25 00:30:27,964 INFO wooting: WS message received: {"action": "set_audio_sensitivity", "value": 1.49}
2026-04-25 00:30:27,970 INFO wooting: WS message received: {"action": "set_audio_sensitivity", "value": 1.48}
2026-04-25 00:30:27,981 INFO wooting: WS message received: {"action": "set_audio_sensitivity", "value": 1.47}
2026-04-25 00:30:27,987 INFO wooting: WS message received: {"action": "set_audio_sensitivity", "value": 1.45}
2026-04-25 00:30:27,991 INFO wooting: WS message received: {"action": "set_audio_sensitivity", "value": 1.43}
2026-04-25 00:30:27,995 INFO wooting: WS message received: {"action": "set_audio_sensitivity", "value": 1.41}
2026-04-25 00:30:27,999 INFO wooting: WS message received: {"action": "set_audio_sensitivity", "value": 1.4}
2026-04-25 00:30:28,003 INFO wooting: WS message received: {"action": "set_audio_sensitivity", "value": 1.37}
2026-04-25 00:30:28,008 INFO wooting: WS message received: {"action": "set_audio_sensitivity", "value": 1.34}
2026-04-25 00:30:28,012 INFO wooting: WS message received: {"action": "set_audio_sensitivity", "value": 1.31}
2026-04-25 00:30:28,016 INFO wooting: WS message received: {"action": "set_audio_sensitivity", "value": 1.27}
2026-04-25 00:30:28,020 INFO wooting: WS message received: {"action": "set_audio_sensitivity", "value": 1.24}
2026-04-25 00:30:28,024 INFO wooting: WS message received: {"action": "set_audio_sensitivity", "value": 1.2}
2026-04-25 00:30:28,028 INFO wooting: WS message received: {"action": "set_audio_sensitivity", "value": 1.16}
2026-04-25 00:30:28,033 INFO wooting: WS message received: {"action": "set_audio_sensitivity", "value": 1.12}
2026-04-25 00:30:28,037 INFO wooting: WS message received: {"action": "set_audio_sensitivity", "value": 1.08}
2026-04-25 00:30:28,041 INFO wooting: WS message received: {"action": "set_audio_sensitivity", "value": 1.03}
2026-04-25 00:30:28,045 INFO wooting: WS message received: {"action": "set_audio_sensitivity", "value": 0.98}
2026-04-25 00:30:28,050 INFO wooting: WS message received: {"action": "set_audio_sensitivity", "value": 0.93}
2026-04-25 00:30:28,053 INFO wooting: WS message received: {"action": "set_audio_sensitivity", "value": 0.88}
2026-04-25 00:30:28,058 INFO wooting: WS message received: {"action": "set_audio_sensitivity", "value": 0.83}
2026-04-25 00:30:28,062 INFO wooting: WS message received: {"action": "set_audio_sensitivity", "value": 0.77}
2026-04-25 00:30:28,066 INFO wooting: WS message received: {"action": "set_audio_sensitivity", "value": 0.71}
2026-04-25 00:30:28,070 INFO wooting: WS message received: {"action": "set_audio_sensitivity", "value": 0.66}
2026-04-25 00:30:28,074 INFO wooting: WS message received: {"action": "set_audio_sensitivity", "value": 0.6}
2026-04-25 00:30:28,078 INFO wooting: WS message received: {"action": "set_audio_sensitivity", "value": 0.54}
2026-04-25 00:30:28,083 INFO wooting: WS message received: {"action": "set_audio_sensitivity", "value": 0.49}
2026-04-25 00:30:28,087 INFO wooting: WS message received: {"action": "set_audio_sensitivity", "value": 0.45}
2026-04-25 00:30:28,091 INFO wooting: WS message received: {"action": "set_audio_sensitivity", "value": 0.39}
2026-04-25 00:30:28,095 INFO wooting: WS message received: {"action": "set_audio_sensitivity", "value": 0.35}
2026-04-25 00:30:28,099 INFO wooting: WS message received: {"action": "set_audio_sensitivity", "value": 0.3}
2026-04-25 00:30:28,103 INFO wooting: WS message received: {"action": "set_audio_sensitivity", "value": 0.26}
2026-04-25 00:30:28,108 INFO wooting: WS message received: {"action": "set_audio_sensitivity", "value": 0.22}
2026-04-25 00:30:28,112 INFO wooting: WS message received: {"action": "set_audio_sensitivity", "value": 0.18}
2026-04-25 00:30:28,116 INFO wooting: WS message received: {"action": "set_audio_sensitivity", "value": 0.14}
2026-04-25 00:30:28,120 INFO wooting: WS message received: {"action": "set_audio_sensitivity", "value": 0.12}
2026-04-25 00:30:28,124 INFO wooting: WS message received: {"action": "set_audio_sensitivity", "value": 0.1}
2026-04-25 00:30:28,827 INFO wooting: WS message received: {"action": "set_audio_smoothing", "value": 0.29}
2026-04-25 00:30:28,838 INFO wooting: WS message received: {"action": "set_audio_smoothing", "value": 0.28}
2026-04-25 00:30:28,845 INFO wooting: WS message received: {"action": "set_audio_smoothing", "value": 0.27}
2026-04-25 00:30:28,849 INFO wooting: WS message received: {"action": "set_audio_smoothing", "value": 0.26}
2026-04-25 00:30:28,854 INFO wooting: WS message received: {"action": "set_audio_smoothing", "value": 0.25}
2026-04-25 00:30:28,862 INFO wooting: WS message received: {"action": "set_audio_smoothing", "value": 0.24}
2026-04-25 00:30:28,866 INFO wooting: WS message received: {"action": "set_audio_smoothing", "value": 0.23}
2026-04-25 00:30:28,870 INFO wooting: WS message received: {"action": "set_audio_smoothing", "value": 0.22}
2026-04-25 00:30:28,875 INFO wooting: WS message received: {"action": "set_audio_smoothing", "value": 0.2}
2026-04-25 00:30:28,879 INFO wooting: WS message received: {"action": "set_audio_smoothing", "value": 0.19}
2026-04-25 00:30:28,883 INFO wooting: WS message received: {"action": "set_audio_smoothing", "value": 0.18}
2026-04-25 00:30:28,887 INFO wooting: WS message received: {"action": "set_audio_smoothing", "value": 0.16}
2026-04-25 00:30:28,891 INFO wooting: WS message received: {"action": "set_audio_smoothing", "value": 0.15}
2026-04-25 00:30:28,896 INFO wooting: WS message received: {"action": "set_audio_smoothing", "value": 0.13}
2026-04-25 00:30:28,899 INFO wooting: WS message received: {"action": "set_audio_smoothing", "value": 0.12}
2026-04-25 00:30:28,904 INFO wooting: WS message received: {"action": "set_audio_smoothing", "value": 0.1}
2026-04-25 00:30:28,908 INFO wooting: WS message received: {"action": "set_audio_smoothing", "value": 0.09}
2026-04-25 00:30:28,912 INFO wooting: WS message received: {"action": "set_audio_smoothing", "value": 0.07}
2026-04-25 00:30:28,916 INFO wooting: WS message received: {"action": "set_audio_smoothing", "value": 0.06}
2026-04-25 00:30:28,920 INFO wooting: WS message received: {"action": "set_audio_smoothing", "value": 0.04}
2026-04-25 00:30:28,924 INFO wooting: WS message received: {"action": "set_audio_smoothing", "value": 0.03}
2026-04-25 00:30:28,929 INFO wooting: WS message received: {"action": "set_audio_smoothing", "value": 0.02}
2026-04-25 00:30:28,933 INFO wooting: WS message received: {"action": "set_audio_smoothing", "value": 0.01}
2026-04-25 00:30:28,937 INFO wooting: WS message received: {"action": "set_audio_smoothing", "value": 0}
2026-04-25 00:33:00,172 INFO wooting: WS message received: {"action": "set_effect", "name": "screen_ambience"}
2026-04-25 00:38:47,878 INFO wooting: CapsLock state: ON
2026-04-25 00:39:25,913 INFO wooting: CapsLock state: OFF
2026-04-25 00:43:26,517 INFO wooting: CapsLock state: ON
2026-04-25 00:43:28,765 INFO wooting: CapsLock state: OFF
2026-04-25 00:43:29,024 INFO wooting: CapsLock state: ON
2026-04-25 00:43:29,737 INFO wooting: CapsLock state: OFF
2026-04-25 00:44:57,385 INFO wooting: CapsLock state: ON
2026-04-25 00:44:59,611 INFO wooting: CapsLock state: OFF
2026-04-25 00:49:00,141 INFO wooting: CapsLock state: ON
2026-04-25 00:49:02,025 INFO wooting: CapsLock state: OFF
2026-04-25 00:50:59,572 INFO wooting: CapsLock state: ON
2026-04-25 00:51:00,044 INFO wooting: CapsLock state: OFF
2026-04-25 00:53:52,886 INFO wooting: CapsLock state: ON
2026-04-25 00:53:59,809 INFO wooting: CapsLock state: OFF
2026-04-25 00:56:22,298 INFO wooting: CapsLock state: ON
2026-04-25 00:57:16,167 INFO wooting: CapsLock state: OFF
2026-04-25 00:58:05,446 INFO wooting: CapsLock state: ON
2026-04-25 00:58:15,655 INFO wooting: CapsLock state: OFF
2026-04-25 00:59:12,951 INFO wooting: CapsLock state: ON
2026-04-25 00:59:22,482 INFO wooting: CapsLock state: OFF
2026-04-25 00:59:51,727 INFO wooting: CapsLock state: ON
2026-04-25 01:00:30,840 INFO wooting: CapsLock state: OFF
2026-04-25 01:00:42,346 INFO wooting: CapsLock state: ON
2026-04-25 01:00:43,485 INFO wooting: CapsLock state: OFF
2026-04-25 01:02:05,231 INFO wooting: WS message received: {"action": "set_effect", "name": "solid_color"}
2026-04-25 01:02:06,874 INFO wooting: WS message received: {"action": "set_effect", "name": "screen_ambience"}
2026-04-25 01:02:07,880 DEBUG PIL.Image: Importing AvifImagePlugin
2026-04-25 01:02:07,882 DEBUG PIL.Image: Importing BlpImagePlugin
2026-04-25 01:02:07,883 DEBUG PIL.Image: Importing BmpImagePlugin
2026-04-25 01:02:07,883 DEBUG PIL.Image: Importing BufrStubImagePlugin
2026-04-25 01:02:07,883 DEBUG PIL.Image: Importing CurImagePlugin
2026-04-25 01:02:07,883 DEBUG PIL.Image: Importing DcxImagePlugin
2026-04-25 01:02:07,884 DEBUG PIL.Image: Importing DdsImagePlugin
2026-04-25 01:02:07,886 DEBUG PIL.Image: Importing EpsImagePlugin
2026-04-25 01:02:07,887 DEBUG PIL.Image: Importing FitsImagePlugin
2026-04-25 01:02:07,888 DEBUG PIL.Image: Importing FliImagePlugin
2026-04-25 01:02:07,888 DEBUG PIL.Image: Importing FpxImagePlugin
2026-04-25 01:02:07,889 DEBUG PIL.Image: Image: failed to import FpxImagePlugin: No module named 'olefile'
2026-04-25 01:02:07,889 DEBUG PIL.Image: Importing FtexImagePlugin
2026-04-25 01:02:07,889 DEBUG PIL.Image: Importing GbrImagePlugin
2026-04-25 01:02:07,890 DEBUG PIL.Image: Importing GifImagePlugin
2026-04-25 01:02:07,890 DEBUG PIL.Image: Importing GribStubImagePlugin
2026-04-25 01:02:07,890 DEBUG PIL.Image: Importing Hdf5StubImagePlugin
2026-04-25 01:02:07,890 DEBUG PIL.Image: Importing IcnsImagePlugin
2026-04-25 01:02:07,891 DEBUG PIL.Image: Importing IcoImagePlugin
2026-04-25 01:02:07,892 DEBUG PIL.Image: Importing ImImagePlugin
2026-04-25 01:02:07,894 DEBUG PIL.Image: Importing ImtImagePlugin
2026-04-25 01:02:07,894 DEBUG PIL.Image: Importing IptcImagePlugin
2026-04-25 01:02:07,895 DEBUG PIL.Image: Importing JpegImagePlugin
2026-04-25 01:02:07,895 DEBUG PIL.Image: Importing Jpeg2KImagePlugin
2026-04-25 01:02:07,895 DEBUG PIL.Image: Importing McIdasImagePlugin
2026-04-25 01:02:07,896 DEBUG PIL.Image: Importing MicImagePlugin
2026-04-25 01:02:07,897 DEBUG PIL.Image: Image: failed to import MicImagePlugin: No module named 'olefile'
2026-04-25 01:02:07,897 DEBUG PIL.Image: Importing MpegImagePlugin
2026-04-25 01:02:07,897 DEBUG PIL.Image: Importing MpoImagePlugin
2026-04-25 01:02:07,900 DEBUG PIL.Image: Importing MspImagePlugin
2026-04-25 01:02:07,900 DEBUG PIL.Image: Importing PalmImagePlugin
2026-04-25 01:02:07,900 DEBUG PIL.Image: Importing PcdImagePlugin
2026-04-25 01:02:07,901 DEBUG PIL.Image: Importing PcxImagePlugin
2026-04-25 01:02:07,901 DEBUG PIL.Image: Importing PdfImagePlugin
2026-04-25 01:02:07,904 DEBUG PIL.Image: Importing PixarImagePlugin
2026-04-25 01:02:07,904 DEBUG PIL.Image: Importing PngImagePlugin
2026-04-25 01:02:07,904 DEBUG PIL.Image: Importing PpmImagePlugin
2026-04-25 01:02:07,904 DEBUG PIL.Image: Importing PsdImagePlugin
2026-04-25 01:02:07,904 DEBUG PIL.Image: Importing QoiImagePlugin
2026-04-25 01:02:07,905 DEBUG PIL.Image: Importing SgiImagePlugin
2026-04-25 01:02:07,905 DEBUG PIL.Image: Importing SpiderImagePlugin
2026-04-25 01:02:07,906 DEBUG PIL.Image: Importing SunImagePlugin
2026-04-25 01:02:07,906 DEBUG PIL.Image: Importing TgaImagePlugin
2026-04-25 01:02:07,906 DEBUG PIL.Image: Importing TiffImagePlugin
2026-04-25 01:02:07,906 DEBUG PIL.Image: Importing WebPImagePlugin
2026-04-25 01:02:07,908 DEBUG PIL.Image: Importing WmfImagePlugin
2026-04-25 01:02:07,908 DEBUG PIL.Image: Importing XbmImagePlugin
2026-04-25 01:02:07,909 DEBUG PIL.Image: Importing XpmImagePlugin
2026-04-25 01:02:07,909 DEBUG PIL.Image: Importing XVThumbImagePlugin
2026-04-25 01:02:10,353 INFO wooting: Cleaning up keyboard SDK...
2026-04-25 01:02:10,389 INFO wooting: Keyboard SDK released.
2026-04-25 01:02:16,608 INFO main_desktop: === WootFlow startup ===
2026-04-25 01:02:16,608 INFO main_desktop: BASE=C:\Users\bl4z3\Documents\GitHub\WootFlow\dist
2026-04-25 01:02:16,608 INFO main_desktop: sys.frozen=True
2026-04-25 01:02:16,820 INFO wooting: Settings loaded: effect=screen_ambience brightness=100%
2026-04-25 01:02:16,821 INFO main_desktop: server imported OK
2026-04-25 01:02:16,871 INFO main_desktop: uvicorn imported OK, starting on :9120
2026-04-25 01:02:16,871 DEBUG asyncio: Using proactor: IocpProactor
2026-04-25 01:02:16,945 INFO wooting: Keyboard connected!
2026-04-25 01:02:16,954 INFO wooting: CapsLock state: OFF
2026-04-25 01:05:01,594 INFO main_desktop: === WootFlow startup ===
2026-04-25 01:05:01,594 INFO main_desktop: BASE=C:\Users\bl4z3\Documents\GitHub\WootFlow\dist
2026-04-25 01:05:01,594 INFO main_desktop: sys.frozen=True
2026-04-25 01:05:01,821 INFO wooting: Settings loaded: effect=screen_ambience brightness=100%
2026-04-25 01:05:01,822 INFO main_desktop: server imported OK
2026-04-25 01:05:01,874 INFO main_desktop: uvicorn imported OK, starting on :9120
2026-04-25 01:05:01,875 DEBUG asyncio: Using proactor: IocpProactor
2026-04-25 01:05:01,950 INFO wooting: Keyboard connected!
2026-04-25 01:05:01,967 INFO wooting: CapsLock state: OFF
2026-04-25 01:06:37,554 INFO wooting: WS message received: {"action": "set_effect", "name": "ocean"}
2026-04-25 01:06:39,026 INFO wooting: WS message received: {"action": "set_effect", "name": "heartbeat"}
2026-04-25 01:06:41,561 INFO wooting: WS message received: {"action": "set_effect", "name": "screen_ambience"}
2026-04-25 01:10:33,816 DEBUG PIL.Image: Importing AvifImagePlugin
2026-04-25 01:10:33,817 DEBUG PIL.Image: Importing BlpImagePlugin
2026-04-25 01:10:33,818 DEBUG PIL.Image: Importing BmpImagePlugin
2026-04-25 01:10:33,818 DEBUG PIL.Image: Importing BufrStubImagePlugin
2026-04-25 01:10:33,818 DEBUG PIL.Image: Importing CurImagePlugin
2026-04-25 01:10:33,818 DEBUG PIL.Image: Importing DcxImagePlugin
2026-04-25 01:10:33,819 DEBUG PIL.Image: Importing DdsImagePlugin
2026-04-25 01:10:33,820 DEBUG PIL.Image: Importing EpsImagePlugin
2026-04-25 01:10:33,821 DEBUG PIL.Image: Importing FitsImagePlugin
2026-04-25 01:10:33,821 DEBUG PIL.Image: Importing FliImagePlugin
2026-04-25 01:10:33,822 DEBUG PIL.Image: Importing FpxImagePlugin
2026-04-25 01:10:33,822 DEBUG PIL.Image: Image: failed to import FpxImagePlugin: No module named 'olefile'
2026-04-25 01:10:33,822 DEBUG PIL.Image: Importing FtexImagePlugin
2026-04-25 01:10:33,822 DEBUG PIL.Image: Importing GbrImagePlugin
2026-04-25 01:10:33,822 DEBUG PIL.Image: Importing GifImagePlugin
2026-04-25 01:10:33,822 DEBUG PIL.Image: Importing GribStubImagePlugin
2026-04-25 01:10:33,823 DEBUG PIL.Image: Importing Hdf5StubImagePlugin
2026-04-25 01:10:33,823 DEBUG PIL.Image: Importing IcnsImagePlugin
2026-04-25 01:10:33,824 DEBUG PIL.Image: Importing IcoImagePlugin
2026-04-25 01:10:33,824 DEBUG PIL.Image: Importing ImImagePlugin
2026-04-25 01:10:33,824 DEBUG PIL.Image: Importing ImtImagePlugin
2026-04-25 01:10:33,825 DEBUG PIL.Image: Importing IptcImagePlugin
2026-04-25 01:10:33,825 DEBUG PIL.Image: Importing JpegImagePlugin
2026-04-25 01:10:33,825 DEBUG PIL.Image: Importing Jpeg2KImagePlugin
2026-04-25 01:10:33,825 DEBUG PIL.Image: Importing McIdasImagePlugin
2026-04-25 01:10:33,825 DEBUG PIL.Image: Importing MicImagePlugin
2026-04-25 01:10:33,825 DEBUG PIL.Image: Image: failed to import MicImagePlugin: No module named 'olefile'
2026-04-25 01:10:33,825 DEBUG PIL.Image: Importing MpegImagePlugin
2026-04-25 01:10:33,826 DEBUG PIL.Image: Importing MpoImagePlugin
2026-04-25 01:10:33,827 DEBUG PIL.Image: Importing MspImagePlugin
2026-04-25 01:10:33,827 DEBUG PIL.Image: Importing PalmImagePlugin
2026-04-25 01:10:33,828 DEBUG PIL.Image: Importing PcdImagePlugin
2026-04-25 01:10:33,828 DEBUG PIL.Image: Importing PcxImagePlugin
2026-04-25 01:10:33,828 DEBUG PIL.Image: Importing PdfImagePlugin
2026-04-25 01:10:33,830 DEBUG PIL.Image: Importing PixarImagePlugin
2026-04-25 01:10:33,830 DEBUG PIL.Image: Importing PngImagePlugin
2026-04-25 01:10:33,830 DEBUG PIL.Image: Importing PpmImagePlugin
2026-04-25 01:10:33,830 DEBUG PIL.Image: Importing PsdImagePlugin
2026-04-25 01:10:33,831 DEBUG PIL.Image: Importing QoiImagePlugin
2026-04-25 01:10:33,831 DEBUG PIL.Image: Importing SgiImagePlugin
2026-04-25 01:10:33,831 DEBUG PIL.Image: Importing SpiderImagePlugin
2026-04-25 01:10:33,831 DEBUG PIL.Image: Importing SunImagePlugin
2026-04-25 01:10:33,832 DEBUG PIL.Image: Importing TgaImagePlugin
2026-04-25 01:10:33,832 DEBUG PIL.Image: Importing TiffImagePlugin
2026-04-25 01:10:33,832 DEBUG PIL.Image: Importing WebPImagePlugin
2026-04-25 01:10:33,833 DEBUG PIL.Image: Importing WmfImagePlugin
2026-04-25 01:10:33,833 DEBUG PIL.Image: Importing XbmImagePlugin
2026-04-25 01:10:33,833 DEBUG PIL.Image: Importing XpmImagePlugin
2026-04-25 01:10:33,834 DEBUG PIL.Image: Importing XVThumbImagePlugin
2026-04-25 01:11:27,495 INFO wooting: Cleaning up keyboard SDK...
2026-04-25 01:11:27,529 INFO wooting: Keyboard SDK released.
2026-04-25 01:11:31,806 INFO main_desktop: === WootFlow startup ===
2026-04-25 01:11:31,807 INFO main_desktop: BASE=C:\Users\bl4z3\Documents\GitHub\WootFlow\dist
2026-04-25 01:11:31,807 INFO main_desktop: sys.frozen=True
2026-04-25 01:11:32,024 INFO wooting: Settings loaded: effect=screen_ambience brightness=100%
2026-04-25 01:11:32,025 INFO main_desktop: server imported OK
2026-04-25 01:11:32,074 INFO main_desktop: uvicorn imported OK, starting on :9120
2026-04-25 01:11:32,075 DEBUG asyncio: Using proactor: IocpProactor
2026-04-25 01:11:32,149 INFO wooting: Keyboard connected!
2026-04-25 01:11:32,159 INFO wooting: CapsLock state: OFF
2026-04-25 01:12:04,117 INFO wooting: CapsLock state: ON
2026-04-25 01:12:07,690 INFO wooting: CapsLock state: OFF
2026-04-25 01:13:51,436 DEBUG PIL.Image: Importing AvifImagePlugin
2026-04-25 01:13:51,437 DEBUG PIL.Image: Importing BlpImagePlugin
2026-04-25 01:13:51,438 DEBUG PIL.Image: Importing BmpImagePlugin
2026-04-25 01:13:51,438 DEBUG PIL.Image: Importing BufrStubImagePlugin
2026-04-25 01:13:51,438 DEBUG PIL.Image: Importing CurImagePlugin
2026-04-25 01:13:51,438 DEBUG PIL.Image: Importing DcxImagePlugin
2026-04-25 01:13:51,439 DEBUG PIL.Image: Importing DdsImagePlugin
2026-04-25 01:13:51,440 DEBUG PIL.Image: Importing EpsImagePlugin
2026-04-25 01:13:51,441 DEBUG PIL.Image: Importing FitsImagePlugin
2026-04-25 01:13:51,442 DEBUG PIL.Image: Importing FliImagePlugin
2026-04-25 01:13:51,442 DEBUG PIL.Image: Importing FpxImagePlugin
2026-04-25 01:13:51,442 DEBUG PIL.Image: Image: failed to import FpxImagePlugin: No module named 'olefile'
2026-04-25 01:13:51,442 DEBUG PIL.Image: Importing FtexImagePlugin
2026-04-25 01:13:51,443 DEBUG PIL.Image: Importing GbrImagePlugin
2026-04-25 01:13:51,443 DEBUG PIL.Image: Importing GifImagePlugin
2026-04-25 01:13:51,443 DEBUG PIL.Image: Importing GribStubImagePlugin
2026-04-25 01:13:51,443 DEBUG PIL.Image: Importing Hdf5StubImagePlugin
2026-04-25 01:13:51,443 DEBUG PIL.Image: Importing IcnsImagePlugin
2026-04-25 01:13:51,444 DEBUG PIL.Image: Importing IcoImagePlugin
2026-04-25 01:13:51,445 DEBUG PIL.Image: Importing ImImagePlugin
2026-04-25 01:13:51,445 DEBUG PIL.Image: Importing ImtImagePlugin
2026-04-25 01:13:51,445 DEBUG PIL.Image: Importing IptcImagePlugin
2026-04-25 01:13:51,446 DEBUG PIL.Image: Importing JpegImagePlugin
2026-04-25 01:13:51,446 DEBUG PIL.Image: Importing Jpeg2KImagePlugin
2026-04-25 01:13:51,446 DEBUG PIL.Image: Importing McIdasImagePlugin
2026-04-25 01:13:51,446 DEBUG PIL.Image: Importing MicImagePlugin
2026-04-25 01:13:51,446 DEBUG PIL.Image: Image: failed to import MicImagePlugin: No module named 'olefile'
2026-04-25 01:13:51,446 DEBUG PIL.Image: Importing MpegImagePlugin
2026-04-25 01:13:51,446 DEBUG PIL.Image: Importing MpoImagePlugin
2026-04-25 01:13:51,448 DEBUG PIL.Image: Importing MspImagePlugin
2026-04-25 01:13:51,448 DEBUG PIL.Image: Importing PalmImagePlugin
2026-04-25 01:13:51,448 DEBUG PIL.Image: Importing PcdImagePlugin
2026-04-25 01:13:51,448 DEBUG PIL.Image: Importing PcxImagePlugin
2026-04-25 01:13:51,448 DEBUG PIL.Image: Importing PdfImagePlugin
2026-04-25 01:13:51,451 DEBUG PIL.Image: Importing PixarImagePlugin
2026-04-25 01:13:51,452 DEBUG PIL.Image: Importing PngImagePlugin
2026-04-25 01:13:51,452 DEBUG PIL.Image: Importing PpmImagePlugin
2026-04-25 01:13:51,452 DEBUG PIL.Image: Importing PsdImagePlugin
2026-04-25 01:13:51,453 DEBUG PIL.Image: Importing QoiImagePlugin
2026-04-25 01:13:51,453 DEBUG PIL.Image: Importing SgiImagePlugin
2026-04-25 01:13:51,453 DEBUG PIL.Image: Importing SpiderImagePlugin
2026-04-25 01:13:51,454 DEBUG PIL.Image: Importing SunImagePlugin
2026-04-25 01:13:51,455 DEBUG PIL.Image: Importing TgaImagePlugin
2026-04-25 01:13:51,455 DEBUG PIL.Image: Importing TiffImagePlugin
2026-04-25 01:13:51,455 DEBUG PIL.Image: Importing WebPImagePlugin
2026-04-25 01:13:51,456 DEBUG PIL.Image: Importing WmfImagePlugin
2026-04-25 01:13:51,457 DEBUG PIL.Image: Importing XbmImagePlugin
2026-04-25 01:13:51,457 DEBUG PIL.Image: Importing XpmImagePlugin
2026-04-25 01:13:51,458 DEBUG PIL.Image: Importing XVThumbImagePlugin
